2023-09-09 11:07:40,055:WARNING:
'cuml' is a soft dependency and not included in the pycaret installation. Please run: `pip install cuml` to install.
2023-09-09 11:07:40,055:WARNING:
'cuml' is a soft dependency and not included in the pycaret installation. Please run: `pip install cuml` to install.
2023-09-09 11:07:40,055:WARNING:
'cuml' is a soft dependency and not included in the pycaret installation. Please run: `pip install cuml` to install.
2023-09-09 11:07:40,055:WARNING:
'cuml' is a soft dependency and not included in the pycaret installation. Please run: `pip install cuml` to install.
2023-09-09 11:07:40,783:INFO:PyCaret RegressionExperiment
2023-09-09 11:07:40,783:INFO:Logging name: reg-default-name
2023-09-09 11:07:40,783:INFO:ML Usecase: MLUsecase.REGRESSION
2023-09-09 11:07:40,783:INFO:version 3.0.4
2023-09-09 11:07:40,783:INFO:Initializing setup()
2023-09-09 11:07:40,783:INFO:self.USI: 04a1
2023-09-09 11:07:40,783:INFO:self._variable_keys: {'_ml_usecase', 'USI', 'exp_id', 'y_train', 'fold_shuffle_param', 'y', 'X_test', 'pipeline', 'idx', 'fold_groups_param', 'seed', 'fold_generator', 'data', 'transform_target_param', 'gpu_n_jobs_param', 'y_test', 'gpu_param', '_available_plots', 'log_plots_param', 'X', 'target_param', 'n_jobs_param', 'logging_param', 'X_train', 'memory', 'exp_name_log', 'html_param'}
2023-09-09 11:07:40,783:INFO:Checking environment
2023-09-09 11:07:40,783:INFO:python_version: 3.9.16
2023-09-09 11:07:40,783:INFO:python_build: ('main', 'Feb  1 2023 21:38:11')
2023-09-09 11:07:40,783:INFO:machine: arm64
2023-09-09 11:07:40,783:INFO:platform: macOS-13.5.2-arm64-arm-64bit
2023-09-09 11:07:40,783:INFO:Memory: svmem(total=17179869184, available=4995612672, percent=70.9, used=6405980160, free=421183488, active=4591714304, inactive=4503240704, wired=1814265856)
2023-09-09 11:07:40,783:INFO:Physical Core: 10
2023-09-09 11:07:40,783:INFO:Logical Core: 10
2023-09-09 11:07:40,783:INFO:Checking libraries
2023-09-09 11:07:40,783:INFO:System:
2023-09-09 11:07:40,783:INFO:    python: 3.9.16 | packaged by conda-forge | (main, Feb  1 2023, 21:38:11)  [Clang 14.0.6 ]
2023-09-09 11:07:40,783:INFO:executable: /Users/syshin/miniforge3/envs/tensorflow/bin/python
2023-09-09 11:07:40,783:INFO:   machine: macOS-13.5.2-arm64-arm-64bit
2023-09-09 11:07:40,783:INFO:PyCaret required dependencies:
2023-09-09 11:07:41,158:INFO:                 pip: 23.2.1
2023-09-09 11:07:41,159:INFO:          setuptools: 68.1.2
2023-09-09 11:07:41,159:INFO:             pycaret: 3.0.4
2023-09-09 11:07:41,159:INFO:             IPython: 8.14.0
2023-09-09 11:07:41,159:INFO:          ipywidgets: 8.1.0
2023-09-09 11:07:41,159:INFO:                tqdm: 4.66.1
2023-09-09 11:07:41,159:INFO:               numpy: 1.23.2
2023-09-09 11:07:41,159:INFO:              pandas: 1.5.3
2023-09-09 11:07:41,159:INFO:              jinja2: 3.1.2
2023-09-09 11:07:41,159:INFO:               scipy: 1.11.2
2023-09-09 11:07:41,159:INFO:              joblib: 1.3.2
2023-09-09 11:07:41,159:INFO:             sklearn: 1.2.2
2023-09-09 11:07:41,159:INFO:                pyod: 1.1.0
2023-09-09 11:07:41,159:INFO:            imblearn: 0.11.0
2023-09-09 11:07:41,159:INFO:   category_encoders: 2.6.2
2023-09-09 11:07:41,159:INFO:            lightgbm: 4.0.0
2023-09-09 11:07:41,160:INFO:               numba: 0.57.1
2023-09-09 11:07:41,160:INFO:            requests: 2.31.0
2023-09-09 11:07:41,160:INFO:          matplotlib: 3.7.2
2023-09-09 11:07:41,160:INFO:          scikitplot: 0.3.7
2023-09-09 11:07:41,160:INFO:         yellowbrick: 1.5
2023-09-09 11:07:41,160:INFO:              plotly: 5.16.1
2023-09-09 11:07:41,160:INFO:    plotly-resampler: Not installed
2023-09-09 11:07:41,160:INFO:             kaleido: 0.2.1
2023-09-09 11:07:41,160:INFO:           schemdraw: 0.15
2023-09-09 11:07:41,160:INFO:         statsmodels: 0.14.0
2023-09-09 11:07:41,160:INFO:              sktime: 0.22.0
2023-09-09 11:07:41,160:INFO:               tbats: 1.1.3
2023-09-09 11:07:41,160:INFO:            pmdarima: 2.0.3
2023-09-09 11:07:41,160:INFO:              psutil: 5.9.5
2023-09-09 11:07:41,160:INFO:          markupsafe: 2.1.3
2023-09-09 11:07:41,160:INFO:             pickle5: Not installed
2023-09-09 11:07:41,160:INFO:         cloudpickle: 2.2.1
2023-09-09 11:07:41,161:INFO:         deprecation: 2.1.0
2023-09-09 11:07:41,161:INFO:              xxhash: 3.3.0
2023-09-09 11:07:41,161:INFO:           wurlitzer: 3.0.3
2023-09-09 11:07:41,161:INFO:PyCaret optional dependencies:
2023-09-09 11:07:41,194:INFO:                shap: Not installed
2023-09-09 11:07:41,194:INFO:           interpret: Not installed
2023-09-09 11:07:41,194:INFO:                umap: Not installed
2023-09-09 11:07:41,194:INFO:    pandas_profiling: Not installed
2023-09-09 11:07:41,194:INFO:  explainerdashboard: Not installed
2023-09-09 11:07:41,194:INFO:             autoviz: Not installed
2023-09-09 11:07:41,194:INFO:           fairlearn: Not installed
2023-09-09 11:07:41,194:INFO:          deepchecks: Not installed
2023-09-09 11:07:41,194:INFO:             xgboost: 1.7.6
2023-09-09 11:07:41,194:INFO:            catboost: Not installed
2023-09-09 11:07:41,194:INFO:              kmodes: Not installed
2023-09-09 11:07:41,194:INFO:             mlxtend: Not installed
2023-09-09 11:07:41,194:INFO:       statsforecast: Not installed
2023-09-09 11:07:41,194:INFO:        tune_sklearn: Not installed
2023-09-09 11:07:41,194:INFO:                 ray: Not installed
2023-09-09 11:07:41,195:INFO:            hyperopt: Not installed
2023-09-09 11:07:41,195:INFO:              optuna: Not installed
2023-09-09 11:07:41,195:INFO:               skopt: Not installed
2023-09-09 11:07:41,195:INFO:              mlflow: Not installed
2023-09-09 11:07:41,195:INFO:              gradio: Not installed
2023-09-09 11:07:41,195:INFO:             fastapi: Not installed
2023-09-09 11:07:41,195:INFO:             uvicorn: Not installed
2023-09-09 11:07:41,195:INFO:              m2cgen: Not installed
2023-09-09 11:07:41,195:INFO:           evidently: Not installed
2023-09-09 11:07:41,195:INFO:               fugue: Not installed
2023-09-09 11:07:41,195:INFO:           streamlit: Not installed
2023-09-09 11:07:41,195:INFO:             prophet: Not installed
2023-09-09 11:07:41,195:INFO:None
2023-09-09 11:07:41,195:INFO:Set up data.
2023-09-09 11:07:48,148:INFO:PyCaret RegressionExperiment
2023-09-09 11:07:48,148:INFO:Logging name: reg-default-name
2023-09-09 11:07:48,148:INFO:ML Usecase: MLUsecase.REGRESSION
2023-09-09 11:07:48,148:INFO:version 3.0.4
2023-09-09 11:07:48,148:INFO:Initializing setup()
2023-09-09 11:07:48,148:INFO:self.USI: 576e
2023-09-09 11:07:48,148:INFO:self._variable_keys: {'_ml_usecase', 'USI', 'exp_id', 'y_train', 'fold_shuffle_param', 'y', 'X_test', 'pipeline', 'idx', 'fold_groups_param', 'seed', 'fold_generator', 'data', 'transform_target_param', 'gpu_n_jobs_param', 'y_test', 'gpu_param', '_available_plots', 'log_plots_param', 'X', 'target_param', 'n_jobs_param', 'logging_param', 'X_train', 'memory', 'exp_name_log', 'html_param'}
2023-09-09 11:07:48,149:INFO:Checking environment
2023-09-09 11:07:48,149:INFO:python_version: 3.9.16
2023-09-09 11:07:48,149:INFO:python_build: ('main', 'Feb  1 2023 21:38:11')
2023-09-09 11:07:48,149:INFO:machine: arm64
2023-09-09 11:07:48,149:INFO:platform: macOS-13.5.2-arm64-arm-64bit
2023-09-09 11:07:48,149:INFO:Memory: svmem(total=17179869184, available=4732125184, percent=72.5, used=6554877952, free=164937728, active=4581638144, inactive=4535730176, wired=1973239808)
2023-09-09 11:07:48,149:INFO:Physical Core: 10
2023-09-09 11:07:48,149:INFO:Logical Core: 10
2023-09-09 11:07:48,149:INFO:Checking libraries
2023-09-09 11:07:48,149:INFO:System:
2023-09-09 11:07:48,149:INFO:    python: 3.9.16 | packaged by conda-forge | (main, Feb  1 2023, 21:38:11)  [Clang 14.0.6 ]
2023-09-09 11:07:48,149:INFO:executable: /Users/syshin/miniforge3/envs/tensorflow/bin/python
2023-09-09 11:07:48,149:INFO:   machine: macOS-13.5.2-arm64-arm-64bit
2023-09-09 11:07:48,149:INFO:PyCaret required dependencies:
2023-09-09 11:07:48,149:INFO:                 pip: 23.2.1
2023-09-09 11:07:48,150:INFO:          setuptools: 68.1.2
2023-09-09 11:07:48,150:INFO:             pycaret: 3.0.4
2023-09-09 11:07:48,150:INFO:             IPython: 8.14.0
2023-09-09 11:07:48,150:INFO:          ipywidgets: 8.1.0
2023-09-09 11:07:48,150:INFO:                tqdm: 4.66.1
2023-09-09 11:07:48,150:INFO:               numpy: 1.23.2
2023-09-09 11:07:48,150:INFO:              pandas: 1.5.3
2023-09-09 11:07:48,150:INFO:              jinja2: 3.1.2
2023-09-09 11:07:48,150:INFO:               scipy: 1.11.2
2023-09-09 11:07:48,150:INFO:              joblib: 1.3.2
2023-09-09 11:07:48,150:INFO:             sklearn: 1.2.2
2023-09-09 11:07:48,150:INFO:                pyod: 1.1.0
2023-09-09 11:07:48,150:INFO:            imblearn: 0.11.0
2023-09-09 11:07:48,150:INFO:   category_encoders: 2.6.2
2023-09-09 11:07:48,150:INFO:            lightgbm: 4.0.0
2023-09-09 11:07:48,150:INFO:               numba: 0.57.1
2023-09-09 11:07:48,150:INFO:            requests: 2.31.0
2023-09-09 11:07:48,150:INFO:          matplotlib: 3.7.2
2023-09-09 11:07:48,150:INFO:          scikitplot: 0.3.7
2023-09-09 11:07:48,150:INFO:         yellowbrick: 1.5
2023-09-09 11:07:48,150:INFO:              plotly: 5.16.1
2023-09-09 11:07:48,151:INFO:    plotly-resampler: Not installed
2023-09-09 11:07:48,151:INFO:             kaleido: 0.2.1
2023-09-09 11:07:48,151:INFO:           schemdraw: 0.15
2023-09-09 11:07:48,151:INFO:         statsmodels: 0.14.0
2023-09-09 11:07:48,151:INFO:              sktime: 0.22.0
2023-09-09 11:07:48,151:INFO:               tbats: 1.1.3
2023-09-09 11:07:48,151:INFO:            pmdarima: 2.0.3
2023-09-09 11:07:48,151:INFO:              psutil: 5.9.5
2023-09-09 11:07:48,151:INFO:          markupsafe: 2.1.3
2023-09-09 11:07:48,151:INFO:             pickle5: Not installed
2023-09-09 11:07:48,151:INFO:         cloudpickle: 2.2.1
2023-09-09 11:07:48,151:INFO:         deprecation: 2.1.0
2023-09-09 11:07:48,151:INFO:              xxhash: 3.3.0
2023-09-09 11:07:48,151:INFO:           wurlitzer: 3.0.3
2023-09-09 11:07:48,151:INFO:PyCaret optional dependencies:
2023-09-09 11:07:48,152:INFO:                shap: Not installed
2023-09-09 11:07:48,152:INFO:           interpret: Not installed
2023-09-09 11:07:48,152:INFO:                umap: Not installed
2023-09-09 11:07:48,152:INFO:    pandas_profiling: Not installed
2023-09-09 11:07:48,152:INFO:  explainerdashboard: Not installed
2023-09-09 11:07:48,152:INFO:             autoviz: Not installed
2023-09-09 11:07:48,152:INFO:           fairlearn: Not installed
2023-09-09 11:07:48,152:INFO:          deepchecks: Not installed
2023-09-09 11:07:48,152:INFO:             xgboost: 1.7.6
2023-09-09 11:07:48,152:INFO:            catboost: Not installed
2023-09-09 11:07:48,152:INFO:              kmodes: Not installed
2023-09-09 11:07:48,152:INFO:             mlxtend: Not installed
2023-09-09 11:07:48,152:INFO:       statsforecast: Not installed
2023-09-09 11:07:48,152:INFO:        tune_sklearn: Not installed
2023-09-09 11:07:48,152:INFO:                 ray: Not installed
2023-09-09 11:07:48,152:INFO:            hyperopt: Not installed
2023-09-09 11:07:48,152:INFO:              optuna: Not installed
2023-09-09 11:07:48,152:INFO:               skopt: Not installed
2023-09-09 11:07:48,152:INFO:              mlflow: Not installed
2023-09-09 11:07:48,152:INFO:              gradio: Not installed
2023-09-09 11:07:48,152:INFO:             fastapi: Not installed
2023-09-09 11:07:48,153:INFO:             uvicorn: Not installed
2023-09-09 11:07:48,153:INFO:              m2cgen: Not installed
2023-09-09 11:07:48,153:INFO:           evidently: Not installed
2023-09-09 11:07:48,153:INFO:               fugue: Not installed
2023-09-09 11:07:48,153:INFO:           streamlit: Not installed
2023-09-09 11:07:48,153:INFO:             prophet: Not installed
2023-09-09 11:07:48,153:INFO:None
2023-09-09 11:07:48,153:INFO:Set up data.
2023-09-09 11:07:48,168:INFO:Set up train/test split.
2023-09-09 11:07:48,182:INFO:Set up index.
2023-09-09 11:07:48,182:INFO:Set up folding strategy.
2023-09-09 11:07:48,183:INFO:Assigning column types.
2023-09-09 11:07:48,185:INFO:Engine successfully changes for model 'lr' to 'sklearn'.
2023-09-09 11:07:48,185:INFO:Engine for model 'lasso' has not been set explicitly, hence returning None.
2023-09-09 11:07:48,187:INFO:Engine for model 'ridge' has not been set explicitly, hence returning None.
2023-09-09 11:07:48,190:INFO:Engine for model 'en' has not been set explicitly, hence returning None.
2023-09-09 11:07:48,221:INFO:Engine for model 'svm' has not been set explicitly, hence returning None.
2023-09-09 11:07:48,244:INFO:Engine for model 'knn' has not been set explicitly, hence returning None.
2023-09-09 11:07:48,245:INFO:Soft dependency imported: xgboost: 1.7.6
2023-09-09 11:07:48,407:WARNING:
'catboost' is a soft dependency and not included in the pycaret installation. Please run: `pip install catboost` to install.
Alternately, you can install this by running `pip install pycaret[models]`
2023-09-09 11:07:48,407:INFO:Engine for model 'lasso' has not been set explicitly, hence returning None.
2023-09-09 11:07:48,409:INFO:Engine for model 'ridge' has not been set explicitly, hence returning None.
2023-09-09 11:07:48,412:INFO:Engine for model 'en' has not been set explicitly, hence returning None.
2023-09-09 11:07:48,443:INFO:Engine for model 'svm' has not been set explicitly, hence returning None.
2023-09-09 11:07:48,466:INFO:Engine for model 'knn' has not been set explicitly, hence returning None.
2023-09-09 11:07:48,466:INFO:Soft dependency imported: xgboost: 1.7.6
2023-09-09 11:07:48,468:WARNING:
'catboost' is a soft dependency and not included in the pycaret installation. Please run: `pip install catboost` to install.
Alternately, you can install this by running `pip install pycaret[models]`
2023-09-09 11:07:48,468:INFO:Engine successfully changes for model 'lasso' to 'sklearn'.
2023-09-09 11:07:48,470:INFO:Engine for model 'ridge' has not been set explicitly, hence returning None.
2023-09-09 11:07:48,473:INFO:Engine for model 'en' has not been set explicitly, hence returning None.
2023-09-09 11:07:48,502:INFO:Engine for model 'svm' has not been set explicitly, hence returning None.
2023-09-09 11:07:48,525:INFO:Engine for model 'knn' has not been set explicitly, hence returning None.
2023-09-09 11:07:48,526:INFO:Soft dependency imported: xgboost: 1.7.6
2023-09-09 11:07:48,527:WARNING:
'catboost' is a soft dependency and not included in the pycaret installation. Please run: `pip install catboost` to install.
Alternately, you can install this by running `pip install pycaret[models]`
2023-09-09 11:07:48,530:INFO:Engine for model 'ridge' has not been set explicitly, hence returning None.
2023-09-09 11:07:48,532:INFO:Engine for model 'en' has not been set explicitly, hence returning None.
2023-09-09 11:07:48,563:INFO:Engine for model 'svm' has not been set explicitly, hence returning None.
2023-09-09 11:07:48,605:INFO:Engine for model 'knn' has not been set explicitly, hence returning None.
2023-09-09 11:07:48,605:INFO:Soft dependency imported: xgboost: 1.7.6
2023-09-09 11:07:48,607:WARNING:
'catboost' is a soft dependency and not included in the pycaret installation. Please run: `pip install catboost` to install.
Alternately, you can install this by running `pip install pycaret[models]`
2023-09-09 11:07:48,607:INFO:Engine successfully changes for model 'ridge' to 'sklearn'.
2023-09-09 11:07:48,612:INFO:Engine for model 'en' has not been set explicitly, hence returning None.
2023-09-09 11:07:48,643:INFO:Engine for model 'svm' has not been set explicitly, hence returning None.
2023-09-09 11:07:48,666:INFO:Engine for model 'knn' has not been set explicitly, hence returning None.
2023-09-09 11:07:48,666:INFO:Soft dependency imported: xgboost: 1.7.6
2023-09-09 11:07:48,667:WARNING:
'catboost' is a soft dependency and not included in the pycaret installation. Please run: `pip install catboost` to install.
Alternately, you can install this by running `pip install pycaret[models]`
2023-09-09 11:07:48,672:INFO:Engine for model 'en' has not been set explicitly, hence returning None.
2023-09-09 11:07:48,703:INFO:Engine for model 'svm' has not been set explicitly, hence returning None.
2023-09-09 11:07:48,726:INFO:Engine for model 'knn' has not been set explicitly, hence returning None.
2023-09-09 11:07:48,727:INFO:Soft dependency imported: xgboost: 1.7.6
2023-09-09 11:07:48,728:WARNING:
'catboost' is a soft dependency and not included in the pycaret installation. Please run: `pip install catboost` to install.
Alternately, you can install this by running `pip install pycaret[models]`
2023-09-09 11:07:48,728:INFO:Engine successfully changes for model 'en' to 'sklearn'.
2023-09-09 11:07:48,763:INFO:Engine for model 'svm' has not been set explicitly, hence returning None.
2023-09-09 11:07:48,824:INFO:Engine for model 'knn' has not been set explicitly, hence returning None.
2023-09-09 11:07:48,824:INFO:Soft dependency imported: xgboost: 1.7.6
2023-09-09 11:07:48,826:WARNING:
'catboost' is a soft dependency and not included in the pycaret installation. Please run: `pip install catboost` to install.
Alternately, you can install this by running `pip install pycaret[models]`
2023-09-09 11:07:48,861:INFO:Engine for model 'svm' has not been set explicitly, hence returning None.
2023-09-09 11:07:48,884:INFO:Engine for model 'knn' has not been set explicitly, hence returning None.
2023-09-09 11:07:48,885:INFO:Soft dependency imported: xgboost: 1.7.6
2023-09-09 11:07:48,886:WARNING:
'catboost' is a soft dependency and not included in the pycaret installation. Please run: `pip install catboost` to install.
Alternately, you can install this by running `pip install pycaret[models]`
2023-09-09 11:07:48,886:INFO:Engine successfully changes for model 'knn' to 'sklearn'.
2023-09-09 11:07:48,921:INFO:Engine for model 'svm' has not been set explicitly, hence returning None.
2023-09-09 11:07:48,961:INFO:Soft dependency imported: xgboost: 1.7.6
2023-09-09 11:07:48,963:WARNING:
'catboost' is a soft dependency and not included in the pycaret installation. Please run: `pip install catboost` to install.
Alternately, you can install this by running `pip install pycaret[models]`
2023-09-09 11:07:48,999:INFO:Engine for model 'svm' has not been set explicitly, hence returning None.
2023-09-09 11:07:49,093:INFO:Soft dependency imported: xgboost: 1.7.6
2023-09-09 11:07:49,095:WARNING:
'catboost' is a soft dependency and not included in the pycaret installation. Please run: `pip install catboost` to install.
Alternately, you can install this by running `pip install pycaret[models]`
2023-09-09 11:07:49,095:INFO:Engine successfully changes for model 'svm' to 'sklearn'.
2023-09-09 11:07:49,163:INFO:Soft dependency imported: xgboost: 1.7.6
2023-09-09 11:07:49,164:WARNING:
'catboost' is a soft dependency and not included in the pycaret installation. Please run: `pip install catboost` to install.
Alternately, you can install this by running `pip install pycaret[models]`
2023-09-09 11:07:49,223:INFO:Soft dependency imported: xgboost: 1.7.6
2023-09-09 11:07:49,225:WARNING:
'catboost' is a soft dependency and not included in the pycaret installation. Please run: `pip install catboost` to install.
Alternately, you can install this by running `pip install pycaret[models]`
2023-09-09 11:07:49,228:INFO:Preparing preprocessing pipeline...
2023-09-09 11:07:49,228:INFO:Set up simple imputation.
2023-09-09 11:07:49,231:INFO:Set up encoding of categorical features.
2023-09-09 11:07:49,319:INFO:Finished creating preprocessing pipeline.
2023-09-09 11:07:49,323:INFO:Pipeline: Pipeline(memory=FastMemory(location=/var/folders/3m/knb96f9s4xg2t2gcrl96r6jh0000gn/T/joblib),
         steps=[('numerical_imputer',
                 TransformerWrapper(include=['HLM', 'AlogP', 'Molecular_Weight',
                                             'Num_H_Acceptors', 'Num_H_Donors',
                                             'Num_RotatableBonds', 'LogD',
                                             'Molecular_PolarSurfaceArea'],
                                    transformer=SimpleImputer())),
                ('categorical_imputer',
                 TransformerWrapper(include=['id', 'SMILES'],
                                    transformer=SimpleImputer(strategy='most_frequent'))),
                ('rest_encoding',
                 TransformerWrapper(include=['id', 'SMILES'],
                                    transformer=TargetEncoder(cols=['id',
                                                                    'SMILES'],
                                                              handle_missing='return_nan')))])
2023-09-09 11:07:49,323:INFO:Creating final display dataframe.
2023-09-09 11:07:49,567:INFO:Setup _display_container:                     Description             Value
0                    Session id              7001
1                        Target               MLM
2                   Target type        Regression
3           Original data shape        (3498, 11)
4        Transformed data shape        (3498, 11)
5   Transformed train set shape        (2798, 11)
6    Transformed test set shape         (700, 11)
7              Numeric features                 8
8          Categorical features                 2
9                    Preprocess              True
10              Imputation type            simple
11           Numeric imputation              mean
12       Categorical imputation              mode
13     Maximum one-hot encoding                25
14              Encoding method              None
15               Fold Generator             KFold
16                  Fold Number                 5
17                     CPU Jobs                -1
18                      Use GPU             False
19               Log Experiment             False
20              Experiment Name  reg-default-name
21                          USI              576e
2023-09-09 11:07:49,647:INFO:Soft dependency imported: xgboost: 1.7.6
2023-09-09 11:07:49,662:WARNING:
'catboost' is a soft dependency and not included in the pycaret installation. Please run: `pip install catboost` to install.
Alternately, you can install this by running `pip install pycaret[models]`
2023-09-09 11:07:49,756:INFO:Soft dependency imported: xgboost: 1.7.6
2023-09-09 11:07:49,757:WARNING:
'catboost' is a soft dependency and not included in the pycaret installation. Please run: `pip install catboost` to install.
Alternately, you can install this by running `pip install pycaret[models]`
2023-09-09 11:07:49,759:INFO:setup() successfully completed in 1.62s...............
2023-09-09 11:07:51,486:INFO:PyCaret RegressionExperiment
2023-09-09 11:07:51,486:INFO:Logging name: reg-default-name
2023-09-09 11:07:51,486:INFO:ML Usecase: MLUsecase.REGRESSION
2023-09-09 11:07:51,486:INFO:version 3.0.4
2023-09-09 11:07:51,486:INFO:Initializing setup()
2023-09-09 11:07:51,486:INFO:self.USI: 3a20
2023-09-09 11:07:51,486:INFO:self._variable_keys: {'_ml_usecase', 'USI', 'exp_id', 'y_train', 'fold_shuffle_param', 'y', 'X_test', 'pipeline', 'idx', 'fold_groups_param', 'seed', 'fold_generator', 'data', 'transform_target_param', 'gpu_n_jobs_param', 'y_test', 'gpu_param', '_available_plots', 'log_plots_param', 'X', 'target_param', 'n_jobs_param', 'logging_param', 'X_train', 'memory', 'exp_name_log', 'html_param'}
2023-09-09 11:07:51,486:INFO:Checking environment
2023-09-09 11:07:51,486:INFO:python_version: 3.9.16
2023-09-09 11:07:51,487:INFO:python_build: ('main', 'Feb  1 2023 21:38:11')
2023-09-09 11:07:51,487:INFO:machine: arm64
2023-09-09 11:07:51,487:INFO:platform: macOS-13.5.2-arm64-arm-64bit
2023-09-09 11:07:51,487:INFO:Memory: svmem(total=17179869184, available=4576903168, percent=73.4, used=6713540608, free=129253376, active=4426055680, inactive=4413751296, wired=2287484928)
2023-09-09 11:07:51,487:INFO:Physical Core: 10
2023-09-09 11:07:51,487:INFO:Logical Core: 10
2023-09-09 11:07:51,487:INFO:Checking libraries
2023-09-09 11:07:51,487:INFO:System:
2023-09-09 11:07:51,487:INFO:    python: 3.9.16 | packaged by conda-forge | (main, Feb  1 2023, 21:38:11)  [Clang 14.0.6 ]
2023-09-09 11:07:51,487:INFO:executable: /Users/syshin/miniforge3/envs/tensorflow/bin/python
2023-09-09 11:07:51,487:INFO:   machine: macOS-13.5.2-arm64-arm-64bit
2023-09-09 11:07:51,487:INFO:PyCaret required dependencies:
2023-09-09 11:07:51,487:INFO:                 pip: 23.2.1
2023-09-09 11:07:51,487:INFO:          setuptools: 68.1.2
2023-09-09 11:07:51,488:INFO:             pycaret: 3.0.4
2023-09-09 11:07:51,488:INFO:             IPython: 8.14.0
2023-09-09 11:07:51,488:INFO:          ipywidgets: 8.1.0
2023-09-09 11:07:51,488:INFO:                tqdm: 4.66.1
2023-09-09 11:07:51,488:INFO:               numpy: 1.23.2
2023-09-09 11:07:51,488:INFO:              pandas: 1.5.3
2023-09-09 11:07:51,488:INFO:              jinja2: 3.1.2
2023-09-09 11:07:51,488:INFO:               scipy: 1.11.2
2023-09-09 11:07:51,488:INFO:              joblib: 1.3.2
2023-09-09 11:07:51,488:INFO:             sklearn: 1.2.2
2023-09-09 11:07:51,488:INFO:                pyod: 1.1.0
2023-09-09 11:07:51,488:INFO:            imblearn: 0.11.0
2023-09-09 11:07:51,488:INFO:   category_encoders: 2.6.2
2023-09-09 11:07:51,488:INFO:            lightgbm: 4.0.0
2023-09-09 11:07:51,488:INFO:               numba: 0.57.1
2023-09-09 11:07:51,488:INFO:            requests: 2.31.0
2023-09-09 11:07:51,488:INFO:          matplotlib: 3.7.2
2023-09-09 11:07:51,488:INFO:          scikitplot: 0.3.7
2023-09-09 11:07:51,488:INFO:         yellowbrick: 1.5
2023-09-09 11:07:51,488:INFO:              plotly: 5.16.1
2023-09-09 11:07:51,488:INFO:    plotly-resampler: Not installed
2023-09-09 11:07:51,488:INFO:             kaleido: 0.2.1
2023-09-09 11:07:51,489:INFO:           schemdraw: 0.15
2023-09-09 11:07:51,489:INFO:         statsmodels: 0.14.0
2023-09-09 11:07:51,489:INFO:              sktime: 0.22.0
2023-09-09 11:07:51,489:INFO:               tbats: 1.1.3
2023-09-09 11:07:51,489:INFO:            pmdarima: 2.0.3
2023-09-09 11:07:51,489:INFO:              psutil: 5.9.5
2023-09-09 11:07:51,489:INFO:          markupsafe: 2.1.3
2023-09-09 11:07:51,489:INFO:             pickle5: Not installed
2023-09-09 11:07:51,489:INFO:         cloudpickle: 2.2.1
2023-09-09 11:07:51,489:INFO:         deprecation: 2.1.0
2023-09-09 11:07:51,489:INFO:              xxhash: 3.3.0
2023-09-09 11:07:51,489:INFO:           wurlitzer: 3.0.3
2023-09-09 11:07:51,489:INFO:PyCaret optional dependencies:
2023-09-09 11:07:51,489:INFO:                shap: Not installed
2023-09-09 11:07:51,489:INFO:           interpret: Not installed
2023-09-09 11:07:51,489:INFO:                umap: Not installed
2023-09-09 11:07:51,490:INFO:    pandas_profiling: Not installed
2023-09-09 11:07:51,490:INFO:  explainerdashboard: Not installed
2023-09-09 11:07:51,490:INFO:             autoviz: Not installed
2023-09-09 11:07:51,490:INFO:           fairlearn: Not installed
2023-09-09 11:07:51,490:INFO:          deepchecks: Not installed
2023-09-09 11:07:51,490:INFO:             xgboost: 1.7.6
2023-09-09 11:07:51,490:INFO:            catboost: Not installed
2023-09-09 11:07:51,490:INFO:              kmodes: Not installed
2023-09-09 11:07:51,490:INFO:             mlxtend: Not installed
2023-09-09 11:07:51,490:INFO:       statsforecast: Not installed
2023-09-09 11:07:51,490:INFO:        tune_sklearn: Not installed
2023-09-09 11:07:51,490:INFO:                 ray: Not installed
2023-09-09 11:07:51,490:INFO:            hyperopt: Not installed
2023-09-09 11:07:51,490:INFO:              optuna: Not installed
2023-09-09 11:07:51,490:INFO:               skopt: Not installed
2023-09-09 11:07:51,490:INFO:              mlflow: Not installed
2023-09-09 11:07:51,490:INFO:              gradio: Not installed
2023-09-09 11:07:51,490:INFO:             fastapi: Not installed
2023-09-09 11:07:51,490:INFO:             uvicorn: Not installed
2023-09-09 11:07:51,490:INFO:              m2cgen: Not installed
2023-09-09 11:07:51,490:INFO:           evidently: Not installed
2023-09-09 11:07:51,490:INFO:               fugue: Not installed
2023-09-09 11:07:51,491:INFO:           streamlit: Not installed
2023-09-09 11:07:51,491:INFO:             prophet: Not installed
2023-09-09 11:07:51,491:INFO:None
2023-09-09 11:07:51,491:INFO:Set up data.
2023-09-09 11:07:51,501:INFO:Set up train/test split.
2023-09-09 11:07:51,505:INFO:Set up index.
2023-09-09 11:07:51,506:INFO:Set up folding strategy.
2023-09-09 11:07:51,506:INFO:Assigning column types.
2023-09-09 11:07:51,508:INFO:Engine successfully changes for model 'lr' to 'sklearn'.
2023-09-09 11:07:51,508:INFO:Engine for model 'lasso' has not been set explicitly, hence returning None.
2023-09-09 11:07:51,510:INFO:Engine for model 'ridge' has not been set explicitly, hence returning None.
2023-09-09 11:07:51,513:INFO:Engine for model 'en' has not been set explicitly, hence returning None.
2023-09-09 11:07:51,563:INFO:Engine for model 'svm' has not been set explicitly, hence returning None.
2023-09-09 11:07:51,588:INFO:Engine for model 'knn' has not been set explicitly, hence returning None.
2023-09-09 11:07:51,589:INFO:Soft dependency imported: xgboost: 1.7.6
2023-09-09 11:07:51,591:WARNING:
'catboost' is a soft dependency and not included in the pycaret installation. Please run: `pip install catboost` to install.
Alternately, you can install this by running `pip install pycaret[models]`
2023-09-09 11:07:51,591:INFO:Engine for model 'lasso' has not been set explicitly, hence returning None.
2023-09-09 11:07:51,594:INFO:Engine for model 'ridge' has not been set explicitly, hence returning None.
2023-09-09 11:07:51,596:INFO:Engine for model 'en' has not been set explicitly, hence returning None.
2023-09-09 11:07:51,629:INFO:Engine for model 'svm' has not been set explicitly, hence returning None.
2023-09-09 11:07:51,653:INFO:Engine for model 'knn' has not been set explicitly, hence returning None.
2023-09-09 11:07:51,653:INFO:Soft dependency imported: xgboost: 1.7.6
2023-09-09 11:07:51,654:WARNING:
'catboost' is a soft dependency and not included in the pycaret installation. Please run: `pip install catboost` to install.
Alternately, you can install this by running `pip install pycaret[models]`
2023-09-09 11:07:51,655:INFO:Engine successfully changes for model 'lasso' to 'sklearn'.
2023-09-09 11:07:51,657:INFO:Engine for model 'ridge' has not been set explicitly, hence returning None.
2023-09-09 11:07:51,660:INFO:Engine for model 'en' has not been set explicitly, hence returning None.
2023-09-09 11:07:51,691:INFO:Engine for model 'svm' has not been set explicitly, hence returning None.
2023-09-09 11:07:51,715:INFO:Engine for model 'knn' has not been set explicitly, hence returning None.
2023-09-09 11:07:51,715:INFO:Soft dependency imported: xgboost: 1.7.6
2023-09-09 11:07:51,717:WARNING:
'catboost' is a soft dependency and not included in the pycaret installation. Please run: `pip install catboost` to install.
Alternately, you can install this by running `pip install pycaret[models]`
2023-09-09 11:07:51,719:INFO:Engine for model 'ridge' has not been set explicitly, hence returning None.
2023-09-09 11:07:51,722:INFO:Engine for model 'en' has not been set explicitly, hence returning None.
2023-09-09 11:07:51,753:INFO:Engine for model 'svm' has not been set explicitly, hence returning None.
2023-09-09 11:07:51,777:INFO:Engine for model 'knn' has not been set explicitly, hence returning None.
2023-09-09 11:07:51,777:INFO:Soft dependency imported: xgboost: 1.7.6
2023-09-09 11:07:51,779:WARNING:
'catboost' is a soft dependency and not included in the pycaret installation. Please run: `pip install catboost` to install.
Alternately, you can install this by running `pip install pycaret[models]`
2023-09-09 11:07:51,779:INFO:Engine successfully changes for model 'ridge' to 'sklearn'.
2023-09-09 11:07:51,784:INFO:Engine for model 'en' has not been set explicitly, hence returning None.
2023-09-09 11:07:51,815:INFO:Engine for model 'svm' has not been set explicitly, hence returning None.
2023-09-09 11:07:51,839:INFO:Engine for model 'knn' has not been set explicitly, hence returning None.
2023-09-09 11:07:51,839:INFO:Soft dependency imported: xgboost: 1.7.6
2023-09-09 11:07:51,841:WARNING:
'catboost' is a soft dependency and not included in the pycaret installation. Please run: `pip install catboost` to install.
Alternately, you can install this by running `pip install pycaret[models]`
2023-09-09 11:07:51,846:INFO:Engine for model 'en' has not been set explicitly, hence returning None.
2023-09-09 11:07:51,876:INFO:Engine for model 'svm' has not been set explicitly, hence returning None.
2023-09-09 11:07:51,900:INFO:Engine for model 'knn' has not been set explicitly, hence returning None.
2023-09-09 11:07:51,900:INFO:Soft dependency imported: xgboost: 1.7.6
2023-09-09 11:07:51,902:WARNING:
'catboost' is a soft dependency and not included in the pycaret installation. Please run: `pip install catboost` to install.
Alternately, you can install this by running `pip install pycaret[models]`
2023-09-09 11:07:51,902:INFO:Engine successfully changes for model 'en' to 'sklearn'.
2023-09-09 11:07:51,952:INFO:Engine for model 'svm' has not been set explicitly, hence returning None.
2023-09-09 11:07:51,987:INFO:Engine for model 'knn' has not been set explicitly, hence returning None.
2023-09-09 11:07:51,987:INFO:Soft dependency imported: xgboost: 1.7.6
2023-09-09 11:07:51,989:WARNING:
'catboost' is a soft dependency and not included in the pycaret installation. Please run: `pip install catboost` to install.
Alternately, you can install this by running `pip install pycaret[models]`
2023-09-09 11:07:52,036:INFO:Engine for model 'svm' has not been set explicitly, hence returning None.
2023-09-09 11:07:52,077:INFO:Engine for model 'knn' has not been set explicitly, hence returning None.
2023-09-09 11:07:52,078:INFO:Soft dependency imported: xgboost: 1.7.6
2023-09-09 11:07:52,079:WARNING:
'catboost' is a soft dependency and not included in the pycaret installation. Please run: `pip install catboost` to install.
Alternately, you can install this by running `pip install pycaret[models]`
2023-09-09 11:07:52,079:INFO:Engine successfully changes for model 'knn' to 'sklearn'.
2023-09-09 11:07:52,147:INFO:Engine for model 'svm' has not been set explicitly, hence returning None.
2023-09-09 11:07:52,171:INFO:Soft dependency imported: xgboost: 1.7.6
2023-09-09 11:07:52,173:WARNING:
'catboost' is a soft dependency and not included in the pycaret installation. Please run: `pip install catboost` to install.
Alternately, you can install this by running `pip install pycaret[models]`
2023-09-09 11:07:52,215:INFO:Engine for model 'svm' has not been set explicitly, hence returning None.
2023-09-09 11:07:52,251:INFO:Soft dependency imported: xgboost: 1.7.6
2023-09-09 11:07:52,252:WARNING:
'catboost' is a soft dependency and not included in the pycaret installation. Please run: `pip install catboost` to install.
Alternately, you can install this by running `pip install pycaret[models]`
2023-09-09 11:07:52,252:INFO:Engine successfully changes for model 'svm' to 'sklearn'.
2023-09-09 11:07:52,347:INFO:Soft dependency imported: xgboost: 1.7.6
2023-09-09 11:07:52,356:WARNING:
'catboost' is a soft dependency and not included in the pycaret installation. Please run: `pip install catboost` to install.
Alternately, you can install this by running `pip install pycaret[models]`
2023-09-09 11:07:52,452:INFO:Soft dependency imported: xgboost: 1.7.6
2023-09-09 11:07:52,454:WARNING:
'catboost' is a soft dependency and not included in the pycaret installation. Please run: `pip install catboost` to install.
Alternately, you can install this by running `pip install pycaret[models]`
2023-09-09 11:07:52,454:INFO:Preparing preprocessing pipeline...
2023-09-09 11:07:52,454:INFO:Set up simple imputation.
2023-09-09 11:07:52,456:INFO:Set up encoding of categorical features.
2023-09-09 11:07:52,518:INFO:Finished creating preprocessing pipeline.
2023-09-09 11:07:52,521:INFO:Pipeline: Pipeline(memory=FastMemory(location=/var/folders/3m/knb96f9s4xg2t2gcrl96r6jh0000gn/T/joblib),
         steps=[('numerical_imputer',
                 TransformerWrapper(include=['HLM', 'AlogP', 'Molecular_Weight',
                                             'Num_H_Acceptors', 'Num_H_Donors',
                                             'Num_RotatableBonds', 'LogD',
                                             'Molecular_PolarSurfaceArea'],
                                    transformer=SimpleImputer())),
                ('categorical_imputer',
                 TransformerWrapper(include=['id', 'SMILES'],
                                    transformer=SimpleImputer(strategy='most_frequent'))),
                ('rest_encoding',
                 TransformerWrapper(include=['id', 'SMILES'],
                                    transformer=TargetEncoder(cols=['id',
                                                                    'SMILES'],
                                                              handle_missing='return_nan')))])
2023-09-09 11:07:52,521:INFO:Creating final display dataframe.
2023-09-09 11:07:52,797:INFO:Setup _display_container:                     Description             Value
0                    Session id              5950
1                        Target               MLM
2                   Target type        Regression
3           Original data shape        (3498, 11)
4        Transformed data shape        (3498, 11)
5   Transformed train set shape        (2798, 11)
6    Transformed test set shape         (700, 11)
7              Numeric features                 8
8          Categorical features                 2
9                    Preprocess              True
10              Imputation type            simple
11           Numeric imputation              mean
12       Categorical imputation              mode
13     Maximum one-hot encoding                25
14              Encoding method              None
15               Fold Generator             KFold
16                  Fold Number                 5
17                     CPU Jobs                -1
18                      Use GPU             False
19               Log Experiment             False
20              Experiment Name  reg-default-name
21                          USI              3a20
2023-09-09 11:07:52,904:INFO:Soft dependency imported: xgboost: 1.7.6
2023-09-09 11:07:52,905:WARNING:
'catboost' is a soft dependency and not included in the pycaret installation. Please run: `pip install catboost` to install.
Alternately, you can install this by running `pip install pycaret[models]`
2023-09-09 11:07:53,011:INFO:Soft dependency imported: xgboost: 1.7.6
2023-09-09 11:07:53,012:WARNING:
'catboost' is a soft dependency and not included in the pycaret installation. Please run: `pip install catboost` to install.
Alternately, you can install this by running `pip install pycaret[models]`
2023-09-09 11:07:53,013:INFO:setup() successfully completed in 1.54s...............
2023-09-09 11:08:00,994:INFO:PyCaret RegressionExperiment
2023-09-09 11:08:00,995:INFO:Logging name: reg-default-name
2023-09-09 11:08:00,995:INFO:ML Usecase: MLUsecase.REGRESSION
2023-09-09 11:08:00,995:INFO:version 3.0.4
2023-09-09 11:08:00,995:INFO:Initializing setup()
2023-09-09 11:08:00,995:INFO:self.USI: 8c3b
2023-09-09 11:08:00,995:INFO:self._variable_keys: {'_ml_usecase', 'USI', 'exp_id', 'y_train', 'fold_shuffle_param', 'y', 'X_test', 'pipeline', 'idx', 'fold_groups_param', 'seed', 'fold_generator', 'data', 'transform_target_param', 'gpu_n_jobs_param', 'y_test', 'gpu_param', '_available_plots', 'log_plots_param', 'X', 'target_param', 'n_jobs_param', 'logging_param', 'X_train', 'memory', 'exp_name_log', 'html_param'}
2023-09-09 11:08:00,995:INFO:Checking environment
2023-09-09 11:08:00,995:INFO:python_version: 3.9.16
2023-09-09 11:08:00,998:INFO:python_build: ('main', 'Feb  1 2023 21:38:11')
2023-09-09 11:08:00,999:INFO:machine: arm64
2023-09-09 11:08:00,999:INFO:platform: macOS-13.5.2-arm64-arm-64bit
2023-09-09 11:08:00,999:INFO:Memory: svmem(total=17179869184, available=4640702464, percent=73.0, used=6705954816, free=47955968, active=4809949184, inactive=4589027328, wired=1896005632)
2023-09-09 11:08:00,999:INFO:Physical Core: 10
2023-09-09 11:08:00,999:INFO:Logical Core: 10
2023-09-09 11:08:00,999:INFO:Checking libraries
2023-09-09 11:08:01,000:INFO:System:
2023-09-09 11:08:01,000:INFO:    python: 3.9.16 | packaged by conda-forge | (main, Feb  1 2023, 21:38:11)  [Clang 14.0.6 ]
2023-09-09 11:08:01,000:INFO:executable: /Users/syshin/miniforge3/envs/tensorflow/bin/python
2023-09-09 11:08:01,000:INFO:   machine: macOS-13.5.2-arm64-arm-64bit
2023-09-09 11:08:01,000:INFO:PyCaret required dependencies:
2023-09-09 11:08:01,000:INFO:                 pip: 23.2.1
2023-09-09 11:08:01,000:INFO:          setuptools: 68.1.2
2023-09-09 11:08:01,000:INFO:             pycaret: 3.0.4
2023-09-09 11:08:01,000:INFO:             IPython: 8.14.0
2023-09-09 11:08:01,000:INFO:          ipywidgets: 8.1.0
2023-09-09 11:08:01,000:INFO:                tqdm: 4.66.1
2023-09-09 11:08:01,000:INFO:               numpy: 1.23.2
2023-09-09 11:08:01,000:INFO:              pandas: 1.5.3
2023-09-09 11:08:01,000:INFO:              jinja2: 3.1.2
2023-09-09 11:08:01,000:INFO:               scipy: 1.11.2
2023-09-09 11:08:01,000:INFO:              joblib: 1.3.2
2023-09-09 11:08:01,000:INFO:             sklearn: 1.2.2
2023-09-09 11:08:01,000:INFO:                pyod: 1.1.0
2023-09-09 11:08:01,001:INFO:            imblearn: 0.11.0
2023-09-09 11:08:01,001:INFO:   category_encoders: 2.6.2
2023-09-09 11:08:01,001:INFO:            lightgbm: 4.0.0
2023-09-09 11:08:01,001:INFO:               numba: 0.57.1
2023-09-09 11:08:01,001:INFO:            requests: 2.31.0
2023-09-09 11:08:01,001:INFO:          matplotlib: 3.7.2
2023-09-09 11:08:01,001:INFO:          scikitplot: 0.3.7
2023-09-09 11:08:01,001:INFO:         yellowbrick: 1.5
2023-09-09 11:08:01,001:INFO:              plotly: 5.16.1
2023-09-09 11:08:01,001:INFO:    plotly-resampler: Not installed
2023-09-09 11:08:01,001:INFO:             kaleido: 0.2.1
2023-09-09 11:08:01,001:INFO:           schemdraw: 0.15
2023-09-09 11:08:01,001:INFO:         statsmodels: 0.14.0
2023-09-09 11:08:01,001:INFO:              sktime: 0.22.0
2023-09-09 11:08:01,001:INFO:               tbats: 1.1.3
2023-09-09 11:08:01,001:INFO:            pmdarima: 2.0.3
2023-09-09 11:08:01,001:INFO:              psutil: 5.9.5
2023-09-09 11:08:01,001:INFO:          markupsafe: 2.1.3
2023-09-09 11:08:01,001:INFO:             pickle5: Not installed
2023-09-09 11:08:01,001:INFO:         cloudpickle: 2.2.1
2023-09-09 11:08:01,001:INFO:         deprecation: 2.1.0
2023-09-09 11:08:01,001:INFO:              xxhash: 3.3.0
2023-09-09 11:08:01,002:INFO:           wurlitzer: 3.0.3
2023-09-09 11:08:01,002:INFO:PyCaret optional dependencies:
2023-09-09 11:08:01,002:INFO:                shap: Not installed
2023-09-09 11:08:01,002:INFO:           interpret: Not installed
2023-09-09 11:08:01,002:INFO:                umap: Not installed
2023-09-09 11:08:01,002:INFO:    pandas_profiling: Not installed
2023-09-09 11:08:01,002:INFO:  explainerdashboard: Not installed
2023-09-09 11:08:01,002:INFO:             autoviz: Not installed
2023-09-09 11:08:01,002:INFO:           fairlearn: Not installed
2023-09-09 11:08:01,002:INFO:          deepchecks: Not installed
2023-09-09 11:08:01,002:INFO:             xgboost: 1.7.6
2023-09-09 11:08:01,002:INFO:            catboost: Not installed
2023-09-09 11:08:01,002:INFO:              kmodes: Not installed
2023-09-09 11:08:01,002:INFO:             mlxtend: Not installed
2023-09-09 11:08:01,002:INFO:       statsforecast: Not installed
2023-09-09 11:08:01,002:INFO:        tune_sklearn: Not installed
2023-09-09 11:08:01,002:INFO:                 ray: Not installed
2023-09-09 11:08:01,002:INFO:            hyperopt: Not installed
2023-09-09 11:08:01,002:INFO:              optuna: Not installed
2023-09-09 11:08:01,002:INFO:               skopt: Not installed
2023-09-09 11:08:01,003:INFO:              mlflow: Not installed
2023-09-09 11:08:01,003:INFO:              gradio: Not installed
2023-09-09 11:08:01,003:INFO:             fastapi: Not installed
2023-09-09 11:08:01,003:INFO:             uvicorn: Not installed
2023-09-09 11:08:01,003:INFO:              m2cgen: Not installed
2023-09-09 11:08:01,003:INFO:           evidently: Not installed
2023-09-09 11:08:01,003:INFO:               fugue: Not installed
2023-09-09 11:08:01,003:INFO:           streamlit: Not installed
2023-09-09 11:08:01,003:INFO:             prophet: Not installed
2023-09-09 11:08:01,003:INFO:None
2023-09-09 11:08:01,003:INFO:Set up data.
2023-09-09 11:08:01,017:INFO:Set up train/test split.
2023-09-09 11:08:01,021:INFO:Set up index.
2023-09-09 11:08:01,021:INFO:Set up folding strategy.
2023-09-09 11:08:01,021:INFO:Assigning column types.
2023-09-09 11:08:01,024:INFO:Engine successfully changes for model 'lr' to 'sklearn'.
2023-09-09 11:08:01,024:INFO:Engine for model 'lasso' has not been set explicitly, hence returning None.
2023-09-09 11:08:01,026:INFO:Engine for model 'ridge' has not been set explicitly, hence returning None.
2023-09-09 11:08:01,029:INFO:Engine for model 'en' has not been set explicitly, hence returning None.
2023-09-09 11:08:01,060:INFO:Engine for model 'svm' has not been set explicitly, hence returning None.
2023-09-09 11:08:01,143:INFO:Engine for model 'knn' has not been set explicitly, hence returning None.
2023-09-09 11:08:01,143:INFO:Soft dependency imported: xgboost: 1.7.6
2023-09-09 11:08:01,145:WARNING:
'catboost' is a soft dependency and not included in the pycaret installation. Please run: `pip install catboost` to install.
Alternately, you can install this by running `pip install pycaret[models]`
2023-09-09 11:08:01,145:INFO:Engine for model 'lasso' has not been set explicitly, hence returning None.
2023-09-09 11:08:01,148:INFO:Engine for model 'ridge' has not been set explicitly, hence returning None.
2023-09-09 11:08:01,150:INFO:Engine for model 'en' has not been set explicitly, hence returning None.
2023-09-09 11:08:01,181:INFO:Engine for model 'svm' has not been set explicitly, hence returning None.
2023-09-09 11:08:01,205:INFO:Engine for model 'knn' has not been set explicitly, hence returning None.
2023-09-09 11:08:01,205:INFO:Soft dependency imported: xgboost: 1.7.6
2023-09-09 11:08:01,206:WARNING:
'catboost' is a soft dependency and not included in the pycaret installation. Please run: `pip install catboost` to install.
Alternately, you can install this by running `pip install pycaret[models]`
2023-09-09 11:08:01,207:INFO:Engine successfully changes for model 'lasso' to 'sklearn'.
2023-09-09 11:08:01,209:INFO:Engine for model 'ridge' has not been set explicitly, hence returning None.
2023-09-09 11:08:01,212:INFO:Engine for model 'en' has not been set explicitly, hence returning None.
2023-09-09 11:08:01,242:INFO:Engine for model 'svm' has not been set explicitly, hence returning None.
2023-09-09 11:08:01,266:INFO:Engine for model 'knn' has not been set explicitly, hence returning None.
2023-09-09 11:08:01,266:INFO:Soft dependency imported: xgboost: 1.7.6
2023-09-09 11:08:01,274:WARNING:
'catboost' is a soft dependency and not included in the pycaret installation. Please run: `pip install catboost` to install.
Alternately, you can install this by running `pip install pycaret[models]`
2023-09-09 11:08:01,276:INFO:Engine for model 'ridge' has not been set explicitly, hence returning None.
2023-09-09 11:08:01,279:INFO:Engine for model 'en' has not been set explicitly, hence returning None.
2023-09-09 11:08:01,311:INFO:Engine for model 'svm' has not been set explicitly, hence returning None.
2023-09-09 11:08:01,349:INFO:Engine for model 'knn' has not been set explicitly, hence returning None.
2023-09-09 11:08:01,352:INFO:Soft dependency imported: xgboost: 1.7.6
2023-09-09 11:08:01,353:WARNING:
'catboost' is a soft dependency and not included in the pycaret installation. Please run: `pip install catboost` to install.
Alternately, you can install this by running `pip install pycaret[models]`
2023-09-09 11:08:01,353:INFO:Engine successfully changes for model 'ridge' to 'sklearn'.
2023-09-09 11:08:01,358:INFO:Engine for model 'en' has not been set explicitly, hence returning None.
2023-09-09 11:08:01,389:INFO:Engine for model 'svm' has not been set explicitly, hence returning None.
2023-09-09 11:08:01,413:INFO:Engine for model 'knn' has not been set explicitly, hence returning None.
2023-09-09 11:08:01,413:INFO:Soft dependency imported: xgboost: 1.7.6
2023-09-09 11:08:01,415:WARNING:
'catboost' is a soft dependency and not included in the pycaret installation. Please run: `pip install catboost` to install.
Alternately, you can install this by running `pip install pycaret[models]`
2023-09-09 11:08:01,420:INFO:Engine for model 'en' has not been set explicitly, hence returning None.
2023-09-09 11:08:01,450:INFO:Engine for model 'svm' has not been set explicitly, hence returning None.
2023-09-09 11:08:01,474:INFO:Engine for model 'knn' has not been set explicitly, hence returning None.
2023-09-09 11:08:01,474:INFO:Soft dependency imported: xgboost: 1.7.6
2023-09-09 11:08:01,476:WARNING:
'catboost' is a soft dependency and not included in the pycaret installation. Please run: `pip install catboost` to install.
Alternately, you can install this by running `pip install pycaret[models]`
2023-09-09 11:08:01,476:INFO:Engine successfully changes for model 'en' to 'sklearn'.
2023-09-09 11:08:01,522:INFO:Engine for model 'svm' has not been set explicitly, hence returning None.
2023-09-09 11:08:01,546:INFO:Engine for model 'knn' has not been set explicitly, hence returning None.
2023-09-09 11:08:01,546:INFO:Soft dependency imported: xgboost: 1.7.6
2023-09-09 11:08:01,548:WARNING:
'catboost' is a soft dependency and not included in the pycaret installation. Please run: `pip install catboost` to install.
Alternately, you can install this by running `pip install pycaret[models]`
2023-09-09 11:08:01,603:INFO:Engine for model 'svm' has not been set explicitly, hence returning None.
2023-09-09 11:08:01,627:INFO:Engine for model 'knn' has not been set explicitly, hence returning None.
2023-09-09 11:08:01,628:INFO:Soft dependency imported: xgboost: 1.7.6
2023-09-09 11:08:01,629:WARNING:
'catboost' is a soft dependency and not included in the pycaret installation. Please run: `pip install catboost` to install.
Alternately, you can install this by running `pip install pycaret[models]`
2023-09-09 11:08:01,629:INFO:Engine successfully changes for model 'knn' to 'sklearn'.
2023-09-09 11:08:01,674:INFO:Engine for model 'svm' has not been set explicitly, hence returning None.
2023-09-09 11:08:01,698:INFO:Soft dependency imported: xgboost: 1.7.6
2023-09-09 11:08:01,699:WARNING:
'catboost' is a soft dependency and not included in the pycaret installation. Please run: `pip install catboost` to install.
Alternately, you can install this by running `pip install pycaret[models]`
2023-09-09 11:08:01,758:INFO:Engine for model 'svm' has not been set explicitly, hence returning None.
2023-09-09 11:08:01,790:INFO:Soft dependency imported: xgboost: 1.7.6
2023-09-09 11:08:01,791:WARNING:
'catboost' is a soft dependency and not included in the pycaret installation. Please run: `pip install catboost` to install.
Alternately, you can install this by running `pip install pycaret[models]`
2023-09-09 11:08:01,792:INFO:Engine successfully changes for model 'svm' to 'sklearn'.
2023-09-09 11:08:01,868:INFO:Soft dependency imported: xgboost: 1.7.6
2023-09-09 11:08:01,870:WARNING:
'catboost' is a soft dependency and not included in the pycaret installation. Please run: `pip install catboost` to install.
Alternately, you can install this by running `pip install pycaret[models]`
2023-09-09 11:08:01,955:INFO:Soft dependency imported: xgboost: 1.7.6
2023-09-09 11:08:01,956:WARNING:
'catboost' is a soft dependency and not included in the pycaret installation. Please run: `pip install catboost` to install.
Alternately, you can install this by running `pip install pycaret[models]`
2023-09-09 11:08:01,957:INFO:Preparing preprocessing pipeline...
2023-09-09 11:08:01,957:INFO:Set up simple imputation.
2023-09-09 11:08:01,959:INFO:Set up encoding of categorical features.
2023-09-09 11:08:02,039:INFO:Finished creating preprocessing pipeline.
2023-09-09 11:08:02,043:INFO:Pipeline: Pipeline(memory=FastMemory(location=/var/folders/3m/knb96f9s4xg2t2gcrl96r6jh0000gn/T/joblib),
         steps=[('numerical_imputer',
                 TransformerWrapper(include=['MLM', 'AlogP', 'Molecular_Weight',
                                             'Num_H_Acceptors', 'Num_H_Donors',
                                             'Num_RotatableBonds', 'LogD',
                                             'Molecular_PolarSurfaceArea'],
                                    transformer=SimpleImputer())),
                ('categorical_imputer',
                 TransformerWrapper(include=['id', 'SMILES'],
                                    transformer=SimpleImputer(strategy='most_frequent'))),
                ('rest_encoding',
                 TransformerWrapper(include=['id', 'SMILES'],
                                    transformer=TargetEncoder(cols=['id',
                                                                    'SMILES'],
                                                              handle_missing='return_nan')))])
2023-09-09 11:08:02,043:INFO:Creating final display dataframe.
2023-09-09 11:08:02,308:INFO:Setup _display_container:                     Description             Value
0                    Session id              7242
1                        Target               HLM
2                   Target type        Regression
3           Original data shape        (3498, 11)
4        Transformed data shape        (3498, 11)
5   Transformed train set shape        (2798, 11)
6    Transformed test set shape         (700, 11)
7              Numeric features                 8
8          Categorical features                 2
9                    Preprocess              True
10              Imputation type            simple
11           Numeric imputation              mean
12       Categorical imputation              mode
13     Maximum one-hot encoding                25
14              Encoding method              None
15               Fold Generator             KFold
16                  Fold Number                 5
17                     CPU Jobs                -1
18                      Use GPU             False
19               Log Experiment             False
20              Experiment Name  reg-default-name
21                          USI              8c3b
2023-09-09 11:08:02,411:INFO:Soft dependency imported: xgboost: 1.7.6
2023-09-09 11:08:02,413:WARNING:
'catboost' is a soft dependency and not included in the pycaret installation. Please run: `pip install catboost` to install.
Alternately, you can install this by running `pip install pycaret[models]`
2023-09-09 11:08:02,495:INFO:Soft dependency imported: xgboost: 1.7.6
2023-09-09 11:08:02,503:WARNING:
'catboost' is a soft dependency and not included in the pycaret installation. Please run: `pip install catboost` to install.
Alternately, you can install this by running `pip install pycaret[models]`
2023-09-09 11:08:02,504:INFO:setup() successfully completed in 1.53s...............
2023-09-09 11:08:09,949:INFO:PyCaret RegressionExperiment
2023-09-09 11:08:09,950:INFO:Logging name: reg-default-name
2023-09-09 11:08:09,950:INFO:ML Usecase: MLUsecase.REGRESSION
2023-09-09 11:08:09,950:INFO:version 3.0.4
2023-09-09 11:08:09,950:INFO:Initializing setup()
2023-09-09 11:08:09,950:INFO:self.USI: 8d9b
2023-09-09 11:08:09,950:INFO:self._variable_keys: {'_ml_usecase', 'USI', 'exp_id', 'y_train', 'fold_shuffle_param', 'y', 'X_test', 'pipeline', 'idx', 'fold_groups_param', 'seed', 'fold_generator', 'data', 'transform_target_param', 'gpu_n_jobs_param', 'y_test', 'gpu_param', '_available_plots', 'log_plots_param', 'X', 'target_param', 'n_jobs_param', 'logging_param', 'X_train', 'memory', 'exp_name_log', 'html_param'}
2023-09-09 11:08:09,950:INFO:Checking environment
2023-09-09 11:08:09,950:INFO:python_version: 3.9.16
2023-09-09 11:08:09,950:INFO:python_build: ('main', 'Feb  1 2023 21:38:11')
2023-09-09 11:08:09,950:INFO:machine: arm64
2023-09-09 11:08:09,950:INFO:platform: macOS-13.5.2-arm64-arm-64bit
2023-09-09 11:08:09,951:INFO:Memory: svmem(total=17179869184, available=4521771008, percent=73.7, used=6851903488, free=27656192, active=4502945792, inactive=4490772480, wired=2348957696)
2023-09-09 11:08:09,951:INFO:Physical Core: 10
2023-09-09 11:08:09,951:INFO:Logical Core: 10
2023-09-09 11:08:09,951:INFO:Checking libraries
2023-09-09 11:08:09,951:INFO:System:
2023-09-09 11:08:09,951:INFO:    python: 3.9.16 | packaged by conda-forge | (main, Feb  1 2023, 21:38:11)  [Clang 14.0.6 ]
2023-09-09 11:08:09,951:INFO:executable: /Users/syshin/miniforge3/envs/tensorflow/bin/python
2023-09-09 11:08:09,951:INFO:   machine: macOS-13.5.2-arm64-arm-64bit
2023-09-09 11:08:09,951:INFO:PyCaret required dependencies:
2023-09-09 11:08:09,951:INFO:                 pip: 23.2.1
2023-09-09 11:08:09,951:INFO:          setuptools: 68.1.2
2023-09-09 11:08:09,952:INFO:             pycaret: 3.0.4
2023-09-09 11:08:09,952:INFO:             IPython: 8.14.0
2023-09-09 11:08:09,952:INFO:          ipywidgets: 8.1.0
2023-09-09 11:08:09,952:INFO:                tqdm: 4.66.1
2023-09-09 11:08:09,952:INFO:               numpy: 1.23.2
2023-09-09 11:08:09,952:INFO:              pandas: 1.5.3
2023-09-09 11:08:09,952:INFO:              jinja2: 3.1.2
2023-09-09 11:08:09,952:INFO:               scipy: 1.11.2
2023-09-09 11:08:09,952:INFO:              joblib: 1.3.2
2023-09-09 11:08:09,952:INFO:             sklearn: 1.2.2
2023-09-09 11:08:09,952:INFO:                pyod: 1.1.0
2023-09-09 11:08:09,952:INFO:            imblearn: 0.11.0
2023-09-09 11:08:09,952:INFO:   category_encoders: 2.6.2
2023-09-09 11:08:09,952:INFO:            lightgbm: 4.0.0
2023-09-09 11:08:09,952:INFO:               numba: 0.57.1
2023-09-09 11:08:09,952:INFO:            requests: 2.31.0
2023-09-09 11:08:09,952:INFO:          matplotlib: 3.7.2
2023-09-09 11:08:09,952:INFO:          scikitplot: 0.3.7
2023-09-09 11:08:09,952:INFO:         yellowbrick: 1.5
2023-09-09 11:08:09,952:INFO:              plotly: 5.16.1
2023-09-09 11:08:09,952:INFO:    plotly-resampler: Not installed
2023-09-09 11:08:09,952:INFO:             kaleido: 0.2.1
2023-09-09 11:08:09,952:INFO:           schemdraw: 0.15
2023-09-09 11:08:09,952:INFO:         statsmodels: 0.14.0
2023-09-09 11:08:09,952:INFO:              sktime: 0.22.0
2023-09-09 11:08:09,952:INFO:               tbats: 1.1.3
2023-09-09 11:08:09,952:INFO:            pmdarima: 2.0.3
2023-09-09 11:08:09,952:INFO:              psutil: 5.9.5
2023-09-09 11:08:09,952:INFO:          markupsafe: 2.1.3
2023-09-09 11:08:09,952:INFO:             pickle5: Not installed
2023-09-09 11:08:09,952:INFO:         cloudpickle: 2.2.1
2023-09-09 11:08:09,952:INFO:         deprecation: 2.1.0
2023-09-09 11:08:09,952:INFO:              xxhash: 3.3.0
2023-09-09 11:08:09,952:INFO:           wurlitzer: 3.0.3
2023-09-09 11:08:09,952:INFO:PyCaret optional dependencies:
2023-09-09 11:08:09,952:INFO:                shap: Not installed
2023-09-09 11:08:09,952:INFO:           interpret: Not installed
2023-09-09 11:08:09,952:INFO:                umap: Not installed
2023-09-09 11:08:09,952:INFO:    pandas_profiling: Not installed
2023-09-09 11:08:09,952:INFO:  explainerdashboard: Not installed
2023-09-09 11:08:09,952:INFO:             autoviz: Not installed
2023-09-09 11:08:09,952:INFO:           fairlearn: Not installed
2023-09-09 11:08:09,952:INFO:          deepchecks: Not installed
2023-09-09 11:08:09,952:INFO:             xgboost: 1.7.6
2023-09-09 11:08:09,952:INFO:            catboost: Not installed
2023-09-09 11:08:09,952:INFO:              kmodes: Not installed
2023-09-09 11:08:09,952:INFO:             mlxtend: Not installed
2023-09-09 11:08:09,952:INFO:       statsforecast: Not installed
2023-09-09 11:08:09,952:INFO:        tune_sklearn: Not installed
2023-09-09 11:08:09,952:INFO:                 ray: Not installed
2023-09-09 11:08:09,952:INFO:            hyperopt: Not installed
2023-09-09 11:08:09,952:INFO:              optuna: Not installed
2023-09-09 11:08:09,952:INFO:               skopt: Not installed
2023-09-09 11:08:09,952:INFO:              mlflow: Not installed
2023-09-09 11:08:09,952:INFO:              gradio: Not installed
2023-09-09 11:08:09,952:INFO:             fastapi: Not installed
2023-09-09 11:08:09,952:INFO:             uvicorn: Not installed
2023-09-09 11:08:09,952:INFO:              m2cgen: Not installed
2023-09-09 11:08:09,952:INFO:           evidently: Not installed
2023-09-09 11:08:09,952:INFO:               fugue: Not installed
2023-09-09 11:08:09,952:INFO:           streamlit: Not installed
2023-09-09 11:08:09,952:INFO:             prophet: Not installed
2023-09-09 11:08:09,952:INFO:None
2023-09-09 11:08:09,952:INFO:Set up data.
2023-09-09 11:08:09,961:INFO:Set up train/test split.
2023-09-09 11:08:09,965:INFO:Set up index.
2023-09-09 11:08:09,966:INFO:Set up folding strategy.
2023-09-09 11:08:09,966:INFO:Assigning column types.
2023-09-09 11:08:09,968:INFO:Engine successfully changes for model 'lr' to 'sklearn'.
2023-09-09 11:08:09,968:INFO:Engine for model 'lasso' has not been set explicitly, hence returning None.
2023-09-09 11:08:09,972:INFO:Engine for model 'ridge' has not been set explicitly, hence returning None.
2023-09-09 11:08:09,996:INFO:Engine for model 'en' has not been set explicitly, hence returning None.
2023-09-09 11:08:10,037:INFO:Engine for model 'svm' has not been set explicitly, hence returning None.
2023-09-09 11:08:10,060:INFO:Engine for model 'knn' has not been set explicitly, hence returning None.
2023-09-09 11:08:10,061:INFO:Soft dependency imported: xgboost: 1.7.6
2023-09-09 11:08:10,062:WARNING:
'catboost' is a soft dependency and not included in the pycaret installation. Please run: `pip install catboost` to install.
Alternately, you can install this by running `pip install pycaret[models]`
2023-09-09 11:08:10,062:INFO:Engine for model 'lasso' has not been set explicitly, hence returning None.
2023-09-09 11:08:10,065:INFO:Engine for model 'ridge' has not been set explicitly, hence returning None.
2023-09-09 11:08:10,067:INFO:Engine for model 'en' has not been set explicitly, hence returning None.
2023-09-09 11:08:10,098:INFO:Engine for model 'svm' has not been set explicitly, hence returning None.
2023-09-09 11:08:10,122:INFO:Engine for model 'knn' has not been set explicitly, hence returning None.
2023-09-09 11:08:10,122:INFO:Soft dependency imported: xgboost: 1.7.6
2023-09-09 11:08:10,123:WARNING:
'catboost' is a soft dependency and not included in the pycaret installation. Please run: `pip install catboost` to install.
Alternately, you can install this by running `pip install pycaret[models]`
2023-09-09 11:08:10,123:INFO:Engine successfully changes for model 'lasso' to 'sklearn'.
2023-09-09 11:08:10,126:INFO:Engine for model 'ridge' has not been set explicitly, hence returning None.
2023-09-09 11:08:10,128:INFO:Engine for model 'en' has not been set explicitly, hence returning None.
2023-09-09 11:08:10,159:INFO:Engine for model 'svm' has not been set explicitly, hence returning None.
2023-09-09 11:08:10,183:INFO:Engine for model 'knn' has not been set explicitly, hence returning None.
2023-09-09 11:08:10,183:INFO:Soft dependency imported: xgboost: 1.7.6
2023-09-09 11:08:10,185:WARNING:
'catboost' is a soft dependency and not included in the pycaret installation. Please run: `pip install catboost` to install.
Alternately, you can install this by running `pip install pycaret[models]`
2023-09-09 11:08:10,187:INFO:Engine for model 'ridge' has not been set explicitly, hence returning None.
2023-09-09 11:08:10,190:INFO:Engine for model 'en' has not been set explicitly, hence returning None.
2023-09-09 11:08:10,221:INFO:Engine for model 'svm' has not been set explicitly, hence returning None.
2023-09-09 11:08:10,244:INFO:Engine for model 'knn' has not been set explicitly, hence returning None.
2023-09-09 11:08:10,245:INFO:Soft dependency imported: xgboost: 1.7.6
2023-09-09 11:08:10,246:WARNING:
'catboost' is a soft dependency and not included in the pycaret installation. Please run: `pip install catboost` to install.
Alternately, you can install this by running `pip install pycaret[models]`
2023-09-09 11:08:10,246:INFO:Engine successfully changes for model 'ridge' to 'sklearn'.
2023-09-09 11:08:10,251:INFO:Engine for model 'en' has not been set explicitly, hence returning None.
2023-09-09 11:08:10,282:INFO:Engine for model 'svm' has not been set explicitly, hence returning None.
2023-09-09 11:08:10,305:INFO:Engine for model 'knn' has not been set explicitly, hence returning None.
2023-09-09 11:08:10,306:INFO:Soft dependency imported: xgboost: 1.7.6
2023-09-09 11:08:10,307:WARNING:
'catboost' is a soft dependency and not included in the pycaret installation. Please run: `pip install catboost` to install.
Alternately, you can install this by running `pip install pycaret[models]`
2023-09-09 11:08:10,312:INFO:Engine for model 'en' has not been set explicitly, hence returning None.
2023-09-09 11:08:10,383:INFO:Engine for model 'svm' has not been set explicitly, hence returning None.
2023-09-09 11:08:10,407:INFO:Engine for model 'knn' has not been set explicitly, hence returning None.
2023-09-09 11:08:10,407:INFO:Soft dependency imported: xgboost: 1.7.6
2023-09-09 11:08:10,409:WARNING:
'catboost' is a soft dependency and not included in the pycaret installation. Please run: `pip install catboost` to install.
Alternately, you can install this by running `pip install pycaret[models]`
2023-09-09 11:08:10,409:INFO:Engine successfully changes for model 'en' to 'sklearn'.
2023-09-09 11:08:10,444:INFO:Engine for model 'svm' has not been set explicitly, hence returning None.
2023-09-09 11:08:10,468:INFO:Engine for model 'knn' has not been set explicitly, hence returning None.
2023-09-09 11:08:10,468:INFO:Soft dependency imported: xgboost: 1.7.6
2023-09-09 11:08:10,469:WARNING:
'catboost' is a soft dependency and not included in the pycaret installation. Please run: `pip install catboost` to install.
Alternately, you can install this by running `pip install pycaret[models]`
2023-09-09 11:08:10,505:INFO:Engine for model 'svm' has not been set explicitly, hence returning None.
2023-09-09 11:08:10,528:INFO:Engine for model 'knn' has not been set explicitly, hence returning None.
2023-09-09 11:08:10,528:INFO:Soft dependency imported: xgboost: 1.7.6
2023-09-09 11:08:10,530:WARNING:
'catboost' is a soft dependency and not included in the pycaret installation. Please run: `pip install catboost` to install.
Alternately, you can install this by running `pip install pycaret[models]`
2023-09-09 11:08:10,530:INFO:Engine successfully changes for model 'knn' to 'sklearn'.
2023-09-09 11:08:10,584:INFO:Engine for model 'svm' has not been set explicitly, hence returning None.
2023-09-09 11:08:10,612:INFO:Soft dependency imported: xgboost: 1.7.6
2023-09-09 11:08:10,614:WARNING:
'catboost' is a soft dependency and not included in the pycaret installation. Please run: `pip install catboost` to install.
Alternately, you can install this by running `pip install pycaret[models]`
2023-09-09 11:08:10,664:INFO:Engine for model 'svm' has not been set explicitly, hence returning None.
2023-09-09 11:08:10,705:INFO:Soft dependency imported: xgboost: 1.7.6
2023-09-09 11:08:10,706:WARNING:
'catboost' is a soft dependency and not included in the pycaret installation. Please run: `pip install catboost` to install.
Alternately, you can install this by running `pip install pycaret[models]`
2023-09-09 11:08:10,706:INFO:Engine successfully changes for model 'svm' to 'sklearn'.
2023-09-09 11:08:10,798:INFO:Soft dependency imported: xgboost: 1.7.6
2023-09-09 11:08:10,800:WARNING:
'catboost' is a soft dependency and not included in the pycaret installation. Please run: `pip install catboost` to install.
Alternately, you can install this by running `pip install pycaret[models]`
2023-09-09 11:08:10,873:INFO:Soft dependency imported: xgboost: 1.7.6
2023-09-09 11:08:10,875:WARNING:
'catboost' is a soft dependency and not included in the pycaret installation. Please run: `pip install catboost` to install.
Alternately, you can install this by running `pip install pycaret[models]`
2023-09-09 11:08:10,876:INFO:Preparing preprocessing pipeline...
2023-09-09 11:08:10,876:INFO:Set up simple imputation.
2023-09-09 11:08:10,877:INFO:Set up encoding of categorical features.
2023-09-09 11:08:10,978:INFO:Finished creating preprocessing pipeline.
2023-09-09 11:08:10,981:INFO:Pipeline: Pipeline(memory=FastMemory(location=/var/folders/3m/knb96f9s4xg2t2gcrl96r6jh0000gn/T/joblib),
         steps=[('numerical_imputer',
                 TransformerWrapper(include=['HLM', 'AlogP', 'Molecular_Weight',
                                             'Num_H_Acceptors', 'Num_H_Donors',
                                             'Num_RotatableBonds', 'LogD',
                                             'Molecular_PolarSurfaceArea'],
                                    transformer=SimpleImputer())),
                ('categorical_imputer',
                 TransformerWrapper(include=['id', 'SMILES'],
                                    transformer=SimpleImputer(strategy='most_frequent'))),
                ('rest_encoding',
                 TransformerWrapper(include=['id', 'SMILES'],
                                    transformer=TargetEncoder(cols=['id',
                                                                    'SMILES'],
                                                              handle_missing='return_nan')))])
2023-09-09 11:08:10,982:INFO:Creating final display dataframe.
2023-09-09 11:08:11,235:INFO:Setup _display_container:                     Description             Value
0                    Session id              3971
1                        Target               MLM
2                   Target type        Regression
3           Original data shape        (3498, 11)
4        Transformed data shape        (3498, 11)
5   Transformed train set shape        (2798, 11)
6    Transformed test set shape         (700, 11)
7              Numeric features                 8
8          Categorical features                 2
9      Rows with missing values              0.1%
10                   Preprocess              True
11              Imputation type            simple
12           Numeric imputation              mean
13       Categorical imputation              mode
14     Maximum one-hot encoding                25
15              Encoding method              None
16               Fold Generator             KFold
17                  Fold Number                 5
18                     CPU Jobs                -1
19                      Use GPU             False
20               Log Experiment             False
21              Experiment Name  reg-default-name
22                          USI              8d9b
2023-09-09 11:08:11,342:INFO:Soft dependency imported: xgboost: 1.7.6
2023-09-09 11:08:11,344:WARNING:
'catboost' is a soft dependency and not included in the pycaret installation. Please run: `pip install catboost` to install.
Alternately, you can install this by running `pip install pycaret[models]`
2023-09-09 11:08:11,429:INFO:Soft dependency imported: xgboost: 1.7.6
2023-09-09 11:08:11,431:WARNING:
'catboost' is a soft dependency and not included in the pycaret installation. Please run: `pip install catboost` to install.
Alternately, you can install this by running `pip install pycaret[models]`
2023-09-09 11:08:11,432:INFO:setup() successfully completed in 1.48s...............
2023-09-09 11:08:11,462:INFO:PyCaret RegressionExperiment
2023-09-09 11:08:11,463:INFO:Logging name: reg-default-name
2023-09-09 11:08:11,463:INFO:ML Usecase: MLUsecase.REGRESSION
2023-09-09 11:08:11,463:INFO:version 3.0.4
2023-09-09 11:08:11,463:INFO:Initializing setup()
2023-09-09 11:08:11,463:INFO:self.USI: 28f4
2023-09-09 11:08:11,463:INFO:self._variable_keys: {'_ml_usecase', 'USI', 'exp_id', 'y_train', 'fold_shuffle_param', 'y', 'X_test', 'pipeline', 'idx', 'fold_groups_param', 'seed', 'fold_generator', 'data', 'transform_target_param', 'gpu_n_jobs_param', 'y_test', 'gpu_param', '_available_plots', 'log_plots_param', 'X', 'target_param', 'n_jobs_param', 'logging_param', 'X_train', 'memory', 'exp_name_log', 'html_param'}
2023-09-09 11:08:11,463:INFO:Checking environment
2023-09-09 11:08:11,463:INFO:python_version: 3.9.16
2023-09-09 11:08:11,463:INFO:python_build: ('main', 'Feb  1 2023 21:38:11')
2023-09-09 11:08:11,463:INFO:machine: arm64
2023-09-09 11:08:11,463:INFO:platform: macOS-13.5.2-arm64-arm-64bit
2023-09-09 11:08:11,463:INFO:Memory: svmem(total=17179869184, available=4550361088, percent=73.5, used=6807732224, free=57098240, active=4512661504, inactive=4491116544, wired=2295070720)
2023-09-09 11:08:11,463:INFO:Physical Core: 10
2023-09-09 11:08:11,463:INFO:Logical Core: 10
2023-09-09 11:08:11,463:INFO:Checking libraries
2023-09-09 11:08:11,463:INFO:System:
2023-09-09 11:08:11,463:INFO:    python: 3.9.16 | packaged by conda-forge | (main, Feb  1 2023, 21:38:11)  [Clang 14.0.6 ]
2023-09-09 11:08:11,463:INFO:executable: /Users/syshin/miniforge3/envs/tensorflow/bin/python
2023-09-09 11:08:11,463:INFO:   machine: macOS-13.5.2-arm64-arm-64bit
2023-09-09 11:08:11,463:INFO:PyCaret required dependencies:
2023-09-09 11:08:11,463:INFO:                 pip: 23.2.1
2023-09-09 11:08:11,463:INFO:          setuptools: 68.1.2
2023-09-09 11:08:11,463:INFO:             pycaret: 3.0.4
2023-09-09 11:08:11,463:INFO:             IPython: 8.14.0
2023-09-09 11:08:11,463:INFO:          ipywidgets: 8.1.0
2023-09-09 11:08:11,463:INFO:                tqdm: 4.66.1
2023-09-09 11:08:11,463:INFO:               numpy: 1.23.2
2023-09-09 11:08:11,463:INFO:              pandas: 1.5.3
2023-09-09 11:08:11,463:INFO:              jinja2: 3.1.2
2023-09-09 11:08:11,463:INFO:               scipy: 1.11.2
2023-09-09 11:08:11,463:INFO:              joblib: 1.3.2
2023-09-09 11:08:11,463:INFO:             sklearn: 1.2.2
2023-09-09 11:08:11,463:INFO:                pyod: 1.1.0
2023-09-09 11:08:11,463:INFO:            imblearn: 0.11.0
2023-09-09 11:08:11,463:INFO:   category_encoders: 2.6.2
2023-09-09 11:08:11,463:INFO:            lightgbm: 4.0.0
2023-09-09 11:08:11,463:INFO:               numba: 0.57.1
2023-09-09 11:08:11,463:INFO:            requests: 2.31.0
2023-09-09 11:08:11,463:INFO:          matplotlib: 3.7.2
2023-09-09 11:08:11,463:INFO:          scikitplot: 0.3.7
2023-09-09 11:08:11,463:INFO:         yellowbrick: 1.5
2023-09-09 11:08:11,463:INFO:              plotly: 5.16.1
2023-09-09 11:08:11,463:INFO:    plotly-resampler: Not installed
2023-09-09 11:08:11,463:INFO:             kaleido: 0.2.1
2023-09-09 11:08:11,463:INFO:           schemdraw: 0.15
2023-09-09 11:08:11,463:INFO:         statsmodels: 0.14.0
2023-09-09 11:08:11,463:INFO:              sktime: 0.22.0
2023-09-09 11:08:11,463:INFO:               tbats: 1.1.3
2023-09-09 11:08:11,464:INFO:            pmdarima: 2.0.3
2023-09-09 11:08:11,464:INFO:              psutil: 5.9.5
2023-09-09 11:08:11,464:INFO:          markupsafe: 2.1.3
2023-09-09 11:08:11,464:INFO:             pickle5: Not installed
2023-09-09 11:08:11,464:INFO:         cloudpickle: 2.2.1
2023-09-09 11:08:11,464:INFO:         deprecation: 2.1.0
2023-09-09 11:08:11,464:INFO:              xxhash: 3.3.0
2023-09-09 11:08:11,464:INFO:           wurlitzer: 3.0.3
2023-09-09 11:08:11,464:INFO:PyCaret optional dependencies:
2023-09-09 11:08:11,464:INFO:                shap: Not installed
2023-09-09 11:08:11,464:INFO:           interpret: Not installed
2023-09-09 11:08:11,464:INFO:                umap: Not installed
2023-09-09 11:08:11,464:INFO:    pandas_profiling: Not installed
2023-09-09 11:08:11,464:INFO:  explainerdashboard: Not installed
2023-09-09 11:08:11,464:INFO:             autoviz: Not installed
2023-09-09 11:08:11,464:INFO:           fairlearn: Not installed
2023-09-09 11:08:11,464:INFO:          deepchecks: Not installed
2023-09-09 11:08:11,464:INFO:             xgboost: 1.7.6
2023-09-09 11:08:11,464:INFO:            catboost: Not installed
2023-09-09 11:08:11,464:INFO:              kmodes: Not installed
2023-09-09 11:08:11,464:INFO:             mlxtend: Not installed
2023-09-09 11:08:11,464:INFO:       statsforecast: Not installed
2023-09-09 11:08:11,464:INFO:        tune_sklearn: Not installed
2023-09-09 11:08:11,464:INFO:                 ray: Not installed
2023-09-09 11:08:11,464:INFO:            hyperopt: Not installed
2023-09-09 11:08:11,464:INFO:              optuna: Not installed
2023-09-09 11:08:11,464:INFO:               skopt: Not installed
2023-09-09 11:08:11,464:INFO:              mlflow: Not installed
2023-09-09 11:08:11,464:INFO:              gradio: Not installed
2023-09-09 11:08:11,464:INFO:             fastapi: Not installed
2023-09-09 11:08:11,464:INFO:             uvicorn: Not installed
2023-09-09 11:08:11,464:INFO:              m2cgen: Not installed
2023-09-09 11:08:11,464:INFO:           evidently: Not installed
2023-09-09 11:08:11,464:INFO:               fugue: Not installed
2023-09-09 11:08:11,464:INFO:           streamlit: Not installed
2023-09-09 11:08:11,464:INFO:             prophet: Not installed
2023-09-09 11:08:11,464:INFO:None
2023-09-09 11:08:11,464:INFO:Set up data.
2023-09-09 11:08:11,500:INFO:Set up train/test split.
2023-09-09 11:08:11,510:INFO:Set up index.
2023-09-09 11:08:11,511:INFO:Set up folding strategy.
2023-09-09 11:08:11,511:INFO:Assigning column types.
2023-09-09 11:08:11,513:INFO:Engine successfully changes for model 'lr' to 'sklearn'.
2023-09-09 11:08:11,513:INFO:Engine for model 'lasso' has not been set explicitly, hence returning None.
2023-09-09 11:08:11,515:INFO:Engine for model 'ridge' has not been set explicitly, hence returning None.
2023-09-09 11:08:11,518:INFO:Engine for model 'en' has not been set explicitly, hence returning None.
2023-09-09 11:08:11,549:INFO:Engine for model 'svm' has not been set explicitly, hence returning None.
2023-09-09 11:08:11,580:INFO:Engine for model 'knn' has not been set explicitly, hence returning None.
2023-09-09 11:08:11,580:INFO:Soft dependency imported: xgboost: 1.7.6
2023-09-09 11:08:11,582:WARNING:
'catboost' is a soft dependency and not included in the pycaret installation. Please run: `pip install catboost` to install.
Alternately, you can install this by running `pip install pycaret[models]`
2023-09-09 11:08:11,582:INFO:Engine for model 'lasso' has not been set explicitly, hence returning None.
2023-09-09 11:08:11,585:INFO:Engine for model 'ridge' has not been set explicitly, hence returning None.
2023-09-09 11:08:11,587:INFO:Engine for model 'en' has not been set explicitly, hence returning None.
2023-09-09 11:08:11,621:INFO:Engine for model 'svm' has not been set explicitly, hence returning None.
2023-09-09 11:08:11,660:INFO:Engine for model 'knn' has not been set explicitly, hence returning None.
2023-09-09 11:08:11,660:INFO:Soft dependency imported: xgboost: 1.7.6
2023-09-09 11:08:11,666:WARNING:
'catboost' is a soft dependency and not included in the pycaret installation. Please run: `pip install catboost` to install.
Alternately, you can install this by running `pip install pycaret[models]`
2023-09-09 11:08:11,667:INFO:Engine successfully changes for model 'lasso' to 'sklearn'.
2023-09-09 11:08:11,673:INFO:Engine for model 'ridge' has not been set explicitly, hence returning None.
2023-09-09 11:08:11,675:INFO:Engine for model 'en' has not been set explicitly, hence returning None.
2023-09-09 11:08:11,724:INFO:Engine for model 'svm' has not been set explicitly, hence returning None.
2023-09-09 11:08:11,760:INFO:Engine for model 'knn' has not been set explicitly, hence returning None.
2023-09-09 11:08:11,761:INFO:Soft dependency imported: xgboost: 1.7.6
2023-09-09 11:08:11,762:WARNING:
'catboost' is a soft dependency and not included in the pycaret installation. Please run: `pip install catboost` to install.
Alternately, you can install this by running `pip install pycaret[models]`
2023-09-09 11:08:11,765:INFO:Engine for model 'ridge' has not been set explicitly, hence returning None.
2023-09-09 11:08:11,771:INFO:Engine for model 'en' has not been set explicitly, hence returning None.
2023-09-09 11:08:11,841:INFO:Engine for model 'svm' has not been set explicitly, hence returning None.
2023-09-09 11:08:11,909:INFO:Engine for model 'knn' has not been set explicitly, hence returning None.
2023-09-09 11:08:11,909:INFO:Soft dependency imported: xgboost: 1.7.6
2023-09-09 11:08:11,910:WARNING:
'catboost' is a soft dependency and not included in the pycaret installation. Please run: `pip install catboost` to install.
Alternately, you can install this by running `pip install pycaret[models]`
2023-09-09 11:08:11,911:INFO:Engine successfully changes for model 'ridge' to 'sklearn'.
2023-09-09 11:08:11,916:INFO:Engine for model 'en' has not been set explicitly, hence returning None.
2023-09-09 11:08:11,980:INFO:Engine for model 'svm' has not been set explicitly, hence returning None.
2023-09-09 11:08:12,004:INFO:Engine for model 'knn' has not been set explicitly, hence returning None.
2023-09-09 11:08:12,004:INFO:Soft dependency imported: xgboost: 1.7.6
2023-09-09 11:08:12,006:WARNING:
'catboost' is a soft dependency and not included in the pycaret installation. Please run: `pip install catboost` to install.
Alternately, you can install this by running `pip install pycaret[models]`
2023-09-09 11:08:12,011:INFO:Engine for model 'en' has not been set explicitly, hence returning None.
2023-09-09 11:08:12,041:INFO:Engine for model 'svm' has not been set explicitly, hence returning None.
2023-09-09 11:08:12,080:INFO:Engine for model 'knn' has not been set explicitly, hence returning None.
2023-09-09 11:08:12,081:INFO:Soft dependency imported: xgboost: 1.7.6
2023-09-09 11:08:12,082:WARNING:
'catboost' is a soft dependency and not included in the pycaret installation. Please run: `pip install catboost` to install.
Alternately, you can install this by running `pip install pycaret[models]`
2023-09-09 11:08:12,082:INFO:Engine successfully changes for model 'en' to 'sklearn'.
2023-09-09 11:08:12,125:INFO:Engine for model 'svm' has not been set explicitly, hence returning None.
2023-09-09 11:08:12,163:INFO:Engine for model 'knn' has not been set explicitly, hence returning None.
2023-09-09 11:08:12,163:INFO:Soft dependency imported: xgboost: 1.7.6
2023-09-09 11:08:12,165:WARNING:
'catboost' is a soft dependency and not included in the pycaret installation. Please run: `pip install catboost` to install.
Alternately, you can install this by running `pip install pycaret[models]`
2023-09-09 11:08:12,212:INFO:Engine for model 'svm' has not been set explicitly, hence returning None.
2023-09-09 11:08:12,253:INFO:Engine for model 'knn' has not been set explicitly, hence returning None.
2023-09-09 11:08:12,254:INFO:Soft dependency imported: xgboost: 1.7.6
2023-09-09 11:08:12,263:WARNING:
'catboost' is a soft dependency and not included in the pycaret installation. Please run: `pip install catboost` to install.
Alternately, you can install this by running `pip install pycaret[models]`
2023-09-09 11:08:12,278:INFO:Engine successfully changes for model 'knn' to 'sklearn'.
2023-09-09 11:08:12,314:INFO:Engine for model 'svm' has not been set explicitly, hence returning None.
2023-09-09 11:08:12,341:INFO:Soft dependency imported: xgboost: 1.7.6
2023-09-09 11:08:12,342:WARNING:
'catboost' is a soft dependency and not included in the pycaret installation. Please run: `pip install catboost` to install.
Alternately, you can install this by running `pip install pycaret[models]`
2023-09-09 11:08:12,406:INFO:Engine for model 'svm' has not been set explicitly, hence returning None.
2023-09-09 11:08:12,430:INFO:Soft dependency imported: xgboost: 1.7.6
2023-09-09 11:08:12,431:WARNING:
'catboost' is a soft dependency and not included in the pycaret installation. Please run: `pip install catboost` to install.
Alternately, you can install this by running `pip install pycaret[models]`
2023-09-09 11:08:12,431:INFO:Engine successfully changes for model 'svm' to 'sklearn'.
2023-09-09 11:08:12,528:INFO:Soft dependency imported: xgboost: 1.7.6
2023-09-09 11:08:12,530:WARNING:
'catboost' is a soft dependency and not included in the pycaret installation. Please run: `pip install catboost` to install.
Alternately, you can install this by running `pip install pycaret[models]`
2023-09-09 11:08:12,599:INFO:Soft dependency imported: xgboost: 1.7.6
2023-09-09 11:08:12,601:WARNING:
'catboost' is a soft dependency and not included in the pycaret installation. Please run: `pip install catboost` to install.
Alternately, you can install this by running `pip install pycaret[models]`
2023-09-09 11:08:12,601:INFO:Preparing preprocessing pipeline...
2023-09-09 11:08:12,602:INFO:Set up simple imputation.
2023-09-09 11:08:12,603:INFO:Set up encoding of categorical features.
2023-09-09 11:08:12,678:INFO:Finished creating preprocessing pipeline.
2023-09-09 11:08:12,684:INFO:Pipeline: Pipeline(memory=FastMemory(location=/var/folders/3m/knb96f9s4xg2t2gcrl96r6jh0000gn/T/joblib),
         steps=[('numerical_imputer',
                 TransformerWrapper(include=['MLM', 'AlogP', 'Molecular_Weight',
                                             'Num_H_Acceptors', 'Num_H_Donors',
                                             'Num_RotatableBonds', 'LogD',
                                             'Molecular_PolarSurfaceArea'],
                                    transformer=SimpleImputer())),
                ('categorical_imputer',
                 TransformerWrapper(include=['id', 'SMILES'],
                                    transformer=SimpleImputer(strategy='most_frequent'))),
                ('rest_encoding',
                 TransformerWrapper(include=['id', 'SMILES'],
                                    transformer=TargetEncoder(cols=['id',
                                                                    'SMILES'],
                                                              handle_missing='return_nan')))])
2023-09-09 11:08:12,684:INFO:Creating final display dataframe.
2023-09-09 11:08:12,921:INFO:Setup _display_container:                     Description             Value
0                    Session id              7692
1                        Target               HLM
2                   Target type        Regression
3           Original data shape        (3498, 11)
4        Transformed data shape        (3498, 11)
5   Transformed train set shape        (2798, 11)
6    Transformed test set shape         (700, 11)
7              Numeric features                 8
8          Categorical features                 2
9      Rows with missing values              0.1%
10                   Preprocess              True
11              Imputation type            simple
12           Numeric imputation              mean
13       Categorical imputation              mode
14     Maximum one-hot encoding                25
15              Encoding method              None
16               Fold Generator             KFold
17                  Fold Number                 5
18                     CPU Jobs                -1
19                      Use GPU             False
20               Log Experiment             False
21              Experiment Name  reg-default-name
22                          USI              28f4
2023-09-09 11:08:13,025:INFO:Soft dependency imported: xgboost: 1.7.6
2023-09-09 11:08:13,026:WARNING:
'catboost' is a soft dependency and not included in the pycaret installation. Please run: `pip install catboost` to install.
Alternately, you can install this by running `pip install pycaret[models]`
2023-09-09 11:08:13,113:INFO:Soft dependency imported: xgboost: 1.7.6
2023-09-09 11:08:13,115:WARNING:
'catboost' is a soft dependency and not included in the pycaret installation. Please run: `pip install catboost` to install.
Alternately, you can install this by running `pip install pycaret[models]`
2023-09-09 11:08:13,115:INFO:setup() successfully completed in 1.65s...............
